<?xml version="1.0" encoding="UTF-8"?>
<!-- Generated by org.testng.reporters.JUnitXMLReporter -->
<testsuite hostname="LTIN299385" ignored="0" name="test1" tests="5" failures="0" timestamp="2022-05-20T18:28:30 IST" time="0.026" errors="0">
  <testcase name="@BeforeTest Driverpage" time="0.001" classname="Functionallibrary.Testscript">
    <failure type="java.lang.NullPointerException">
      <![CDATA[java.lang.NullPointerException
at Userdefinedlibrary.Driversetup.Driverstart(Driversetup.java:33)
at Functionallibrary.Testscript.Driverpage(Testscript.java:25)
... Removed 24 stack frames]]>
    </failure>
  </testcase> <!-- @BeforeTest Driverpage -->
  <testcase name="@AfterTest close" time="-1.653051510404E9" classname="Functionallibrary.Testscript">
    <skipped/>
  </testcase> <!-- @AfterTest close -->
  <testcase name="Location" time="0.0" classname="Functionallibrary.Testscript">
    <skipped/>
  </testcase> <!-- Location -->
  <testcase name="Datepage" time="0.0" classname="Functionallibrary.Testscript">
    <skipped/>
  </testcase> <!-- Datepage -->
  <testcase name="Datepage2" time="0.0" classname="Functionallibrary.Testscript">
    <skipped/>
  </testcase> <!-- Datepage2 -->
  <testcase name="Searchpage" time="0.0" classname="Functionallibrary.Testscript">
    <skipped/>
  </testcase> <!-- Searchpage -->
  <testcase name="Screenshotpage" time="0.0" classname="Functionallibrary.Testscript">
    <skipped/>
  </testcase> <!-- Screenshotpage -->
</testsuite> <!-- test1 -->
